Flow report for GPS
Sun Dec 11 16:53:16 2016
Quartus Prime Version 16.1.0 Build 196 10/24/2016 SJ Standard Edition


---------------------
; Table of Contents ;
---------------------
  1. Legal Notice
  2. Flow Summary
  3. Flow Settings
  4. Flow Non-Default Global Settings
  5. Flow Elapsed Time
  6. Flow OS Summary
  7. Flow Log
  8. Flow Messages
  9. Flow Suppressed Messages



----------------
; Legal Notice ;
----------------
Copyright (C) 2016  Intel Corporation. All rights reserved.
Your use of Intel Corporation's design tools, logic functions 
and other software and tools, and its AMPP partner logic 
functions, and any output files from any of the foregoing 
(including device programming or simulation files), and any 
associated documentation or information are expressly subject 
to the terms and conditions of the Intel Program License 
Subscription Agreement, the Intel Quartus Prime License Agreement,
the Intel MegaCore Function License Agreement, or other 
applicable license agreement, including, without limitation, 
that your use is for the sole purpose of programming logic 
devices manufactured by Intel and sold by Intel or its 
authorized distributors.  Please refer to the applicable 
agreement for further details.



+--------------------------------------------------------------------------------------+
; Flow Summary                                                                         ;
+------------------------------------+-------------------------------------------------+
; Flow Status                        ; Successful - Sun Dec 11 16:53:10 2016           ;
; Quartus Prime Version              ; 16.1.0 Build 196 10/24/2016 SJ Standard Edition ;
; Revision Name                      ; GPS                                             ;
; Top-level Entity Name              ; GPS                                             ;
; Family                             ; Cyclone IV GX                                   ;
; Device                             ; EP4CGX150DF31C7                                 ;
; Timing Models                      ; Final                                           ;
; Total logic elements               ; 3,628 / 149,760 ( 2 % )                         ;
;     Total combinational functions  ; 3,227 / 149,760 ( 2 % )                         ;
;     Dedicated logic registers      ; 2,072 / 149,760 ( 1 % )                         ;
; Total registers                    ; 2072                                            ;
; Total pins                         ; 49 / 508 ( 10 % )                               ;
; Total virtual pins                 ; 0                                               ;
; Total memory bits                  ; 1,702,336 / 6,635,520 ( 26 % )                  ;
; Embedded Multiplier 9-bit elements ; 6 / 720 ( < 1 % )                               ;
; Total GXB Receiver Channel PCS     ; 0 / 8 ( 0 % )                                   ;
; Total GXB Receiver Channel PMA     ; 0 / 8 ( 0 % )                                   ;
; Total GXB Transmitter Channel PCS  ; 0 / 8 ( 0 % )                                   ;
; Total GXB Transmitter Channel PMA  ; 0 / 8 ( 0 % )                                   ;
; Total PLLs                         ; 0 / 8 ( 0 % )                                   ;
+------------------------------------+-------------------------------------------------+


+-----------------------------------------+
; Flow Settings                           ;
+-------------------+---------------------+
; Option            ; Setting             ;
+-------------------+---------------------+
; Start date & time ; 12/11/2016 16:51:07 ;
; Main task         ; Compilation         ;
; Revision Name     ; GPS                 ;
+-------------------+---------------------+


+-------------------------------------------------------------------------------------------------------------------------+
; Flow Non-Default Global Settings                                                                                        ;
+-------------------------------------+----------------------------------------+---------------+-------------+------------+
; Assignment Name                     ; Value                                  ; Default Value ; Entity Name ; Section Id ;
+-------------------------------------+----------------------------------------+---------------+-------------+------------+
; COMPILER_SIGNATURE_ID               ; 220295153217272.148149306705784        ; --            ; --          ; --         ;
; MAX_CORE_JUNCTION_TEMP              ; 85                                     ; --            ; --          ; --         ;
; MIN_CORE_JUNCTION_TEMP              ; 0                                      ; --            ; --          ; --         ;
; MISC_FILE                           ; gps_mag_in.bsf                         ; --            ; --          ; --         ;
; MISC_FILE                           ; gps_mag_in_inst.v                      ; --            ; --          ; --         ;
; MISC_FILE                           ; gps_mag_in_bb.v                        ; --            ; --          ; --         ;
; MISC_FILE                           ; gps_mag_in.inc                         ; --            ; --          ; --         ;
; MISC_FILE                           ; gps_mag_in.cmp                         ; --            ; --          ; --         ;
; MISC_FILE                           ; gps_mag_in.ppf                         ; --            ; --          ; --         ;
; MISC_FILE                           ; gps_sign_in.bsf                        ; --            ; --          ; --         ;
; MISC_FILE                           ; gps_sign_in_inst.v                     ; --            ; --          ; --         ;
; MISC_FILE                           ; gps_sign_in_bb.v                       ; --            ; --          ; --         ;
; MISC_FILE                           ; gps_sign_in.inc                        ; --            ; --          ; --         ;
; MISC_FILE                           ; gps_sign_in.cmp                        ; --            ; --          ; --         ;
; MISC_FILE                           ; gps_sign_in.ppf                        ; --            ; --          ; --         ;
; NOMINAL_CORE_SUPPLY_VOLTAGE         ; 1.2V                                   ; --            ; --          ; --         ;
; PARTITION_COLOR                     ; -- (Not supported for targeted family) ; --            ; --          ; Top        ;
; PARTITION_FITTER_PRESERVATION_LEVEL ; -- (Not supported for targeted family) ; --            ; --          ; Top        ;
; PARTITION_NETLIST_TYPE              ; -- (Not supported for targeted family) ; --            ; --          ; Top        ;
; POWER_BOARD_THERMAL_MODEL           ; None (CONSERVATIVE)                    ; --            ; --          ; --         ;
; POWER_PRESET_COOLING_SOLUTION       ; 23 MM HEAT SINK WITH 200 LFPM AIRFLOW  ; --            ; --          ; --         ;
; PROJECT_OUTPUT_DIRECTORY            ; output_files                           ; --            ; --          ; --         ;
+-------------------------------------+----------------------------------------+---------------+-------------+------------+


+-------------------------------------------------------------------------------------------------------------------------------+
; Flow Elapsed Time                                                                                                             ;
+---------------------------+--------------+-------------------------+---------------------+------------------------------------+
; Module Name               ; Elapsed Time ; Average Processors Used ; Peak Virtual Memory ; Total CPU Time (on all processors) ;
+---------------------------+--------------+-------------------------+---------------------+------------------------------------+
; Analysis & Synthesis      ; 00:01:21     ; 1.0                     ; 912 MB              ; 00:02:31                           ;
; Fitter                    ; 00:00:30     ; 1.1                     ; 1825 MB             ; 00:00:41                           ;
; Assembler                 ; 00:00:06     ; 1.0                     ; 676 MB              ; 00:00:06                           ;
; TimeQuest Timing Analyzer ; 00:00:04     ; 1.2                     ; 888 MB              ; 00:00:05                           ;
; Total                     ; 00:02:01     ; --                      ; --                  ; 00:03:23                           ;
+---------------------------+--------------+-------------------------+---------------------+------------------------------------+


+-----------------------------------------------------------------------------------------+
; Flow OS Summary                                                                         ;
+---------------------------+------------------+------------+------------+----------------+
; Module Name               ; Machine Hostname ; OS Name    ; OS Version ; Processor type ;
+---------------------------+------------------+------------+------------+----------------+
; Analysis & Synthesis      ; Josh-T460P       ; Windows 10 ; 10.0       ; x86_64         ;
; Fitter                    ; Josh-T460P       ; Windows 10 ; 10.0       ; x86_64         ;
; Assembler                 ; Josh-T460P       ; Windows 10 ; 10.0       ; x86_64         ;
; TimeQuest Timing Analyzer ; Josh-T460P       ; Windows 10 ; 10.0       ; x86_64         ;
+---------------------------+------------------+------------+------------+----------------+


------------
; Flow Log ;
------------
quartus_map --read_settings_files=on --write_settings_files=off GPS -c GPS
quartus_fit --read_settings_files=off --write_settings_files=off GPS -c GPS
quartus_asm --read_settings_files=off --write_settings_files=off GPS -c GPS
quartus_sta GPS -c GPS



